<?xml version="1.0" encoding="UTF-8"?>
<!-- Generated by org.testng.reporters.JUnitReportReporter -->
<testsuite skipped="0" hostname="Admin-PC" name="com.test.CustomerTest" tests="1" failures="0" timestamp="10 七月 2018 09:43:50 GMT" time="4.116" errors="0">
  <testcase name="testChrome" time="4.116" classname="com.test.CustomerTest"/>
</testsuite> <!-- com.test.CustomerTest -->
